#
# There is insufficient memory for the Java Runtime Environment to continue.
# Native memory allocation (mmap) failed to map 65011712 bytes for G1 virtual space
# Possible reasons:
#   The system is out of physical RAM or swap space
#   The process is running with CompressedOops enabled, and the Java Heap may be blocking the growth of the native heap
# Possible solutions:
#   Reduce memory load on the system
#   Increase physical memory or swap space
#   Check if swap backing store is full
#   Decrease Java heap size (-Xmx/-Xms)
#   Decrease number of Java threads
#   Decrease Java thread stack sizes (-Xss)
#   Set larger code cache with -XX:ReservedCodeCacheSize=
#   JVM is running with Unscaled Compressed Oops mode in which the Java heap is
#     placed in the first 4GB address space. The Java Heap base address is the
#     maximum limit for the native heap growth. Please use -XX:HeapBaseMinAddress
#     to set the Java Heap base and to place the Java Heap above 4GB virtual address.
# This output file may be truncated or incomplete.
#
#  Out of Memory Error (os_windows.cpp:3536), pid=3736, tid=18676
#
# JRE version:  (19.0.2+7) (build )
# Java VM: OpenJDK 64-Bit Server VM (19.0.2+7-44, mixed mode, emulated-client, sharing, tiered, compressed oops, compressed class ptrs, g1 gc, windows-amd64)
# No core dump will be written. Minidumps are not enabled by default on client versions of Windows
#

---------------  S U M M A R Y ------------

Command Line: -XX:TieredStopAtLevel=1 -Dspring.output.ansi.enabled=always -Dcom.sun.management.jmxremote -Dspring.jmx.enabled=true -Dspring.liveBeansView.mbeanDomain -Dspring.application.admin.enabled=true -Dmanagement.endpoints.jmx.exposure.include=* -javaagent:C:\Program Files\JetBrains\IntelliJ IDEA 2023.1.1\lib\idea_rt.jar=62533:C:\Program Files\JetBrains\IntelliJ IDEA 2023.1.1\bin -Dfile.encoding=UTF-8 -Dsun.stdout.encoding=UTF-8 -Dsun.stderr.encoding=UTF-8 com.secure.userRegAndAuthSys.UserRegistrationAndAuthenticationSystemApplication

Host: Intel(R) Core(TM) i5-6300U CPU @ 2.40GHz, 4 cores, 3G,  Windows 11 , 64 bit Build 22621 (10.0.22621.1778)
Time: Sun Jul 16 05:53:04 2023 W. Central Africa Standard Time elapsed time: 0.085546 seconds (0d 0h 0m 0s)

---------------  T H R E A D  ---------------

Current thread (0x000001dac17a9370):  JavaThread "Unknown thread" [_thread_in_vm, id=18676, stack(0x0000000c0cf00000,0x0000000c0d000000)]

Stack: [0x0000000c0cf00000,0x0000000c0d000000]
Native frames: (J=compiled Java code, j=interpreted, Vv=VM code, C=native code)
V  [jvm.dll+0x6ee21a]
V  [jvm.dll+0x85765e]
V  [jvm.dll+0x85904e]
V  [jvm.dll+0x859703]
V  [jvm.dll+0x28298f]
V  [jvm.dll+0x6eb009]
V  [jvm.dll+0x6dfbaa]
V  [jvm.dll+0x3573f6]
V  [jvm.dll+0x35ee56]
V  [jvm.dll+0x3b541e]
V  [jvm.dll+0x3b564f]
V  [jvm.dll+0x32c9ea]
V  [jvm.dll+0x32d89e]
V  [jvm.dll+0x821780]
V  [jvm.dll+0x3c2661]
V  [jvm.dll+0x801f51]
V  [jvm.dll+0x44ae8f]
V  [jvm.dll+0x44c811]
C  [jli.dll+0x5287]
C  [ucrtbase.dll+0x29363]
C  [KERNEL32.DLL+0x126ad]
C  [ntdll.dll+0x5a9f8]


---------------  P R O C E S S  ---------------

Threads class SMR info:
_java_thread_list=0x00007ff95d33d048, length=0, elements={
}

Java Threads: ( => current thread )

Other Threads:
  0x000001dac17e8410 WorkerThread "GC Thread#0" [stack: 0x0000000c0d000000,0x0000000c0d100000] [id=12452]
  0x000001dac17f1dc0 ConcurrentGCThread "G1 Main Marker" [stack: 0x0000000c0d100000,0x0000000c0d200000] [id=8728]
  0x000001dac17f2af0 WorkerThread "G1 Conc#0" [stack: 0x0000000c0d200000,0x0000000c0d300000] [id=14892]

[error occurred during error reporting (printing all threads), id 0xc0000005, EXCEPTION_ACCESS_VIOLATION (0xc0000005) at pc=0x00007ff95cafd427]

VM state: not at safepoint (not fully initialized)

VM Mutex/Monitor currently owned by a thread:  ([mutex/lock_event])
[0x000001dac17a6400] Heap_lock - owner thread: 0x000001dac17a9370

Heap address: 0x00000000c2e00000, size: 978 MB, Compressed Oops mode: 32-bit

CDS archive(s) mapped at: [0x0000000000000000-0x0000000000000000-0x0000000000000000), size 0, SharedBaseAddress: 0x0000000800000000, ArchiveRelocationMode: 0.
Narrow klass base: 0x0000000000000000, Narrow klass shift: 0, Narrow klass range: 0x0

GC Precious Log:
 CardTable entry size: 512
 Card Set container configuration: InlinePtr #cards 5 size 8 Array Of Cards #cards 12 size 40 Howl #buckets 4 coarsen threshold 1843 Howl Bitmap #cards 512 size 80 coarsen threshold 460 Card regions per heap region 1 cards per card region 2048

Heap:
 garbage-first heap   total 0K, used 0K [0x00000000c2e00000, 0x0000000100000000)
  region size 1024K, 0 young (0K), 0 survivors (0K)

[error occurred during error reporting (printing heap information), id 0xc0000005, EXCEPTION_ACCESS_VIOLATION (0xc0000005) at pc=0x00007ff95cf06649]

GC Heap History (0 events):
No events

Dll operation events (1 events):
Event: 0.054 Loaded shared library C:\Users\ERNEST EMMANUEL\.jdks\openjdk-19.0.2\bin\java.dll

Deoptimization events (0 events):
No events

Classes loaded (0 events):
No events

Classes unloaded (0 events):
No events

Classes redefined (0 events):
No events

Internal exceptions (0 events):
No events

VM Operations (0 events):
No events

Events (0 events):
No events


Dynamic libraries:
0x00007ff7a5bf0000 - 0x00007ff7a5bfe000 	C:\Users\ERNEST EMMANUEL\.jdks\openjdk-19.0.2\bin\java.exe
0x00007ff9c7090000 - 0x00007ff9c72a4000 	C:\Windows\SYSTEM32\ntdll.dll
0x00007ff9c55a0000 - 0x00007ff9c5662000 	C:\Windows\System32\KERNEL32.DLL
0x00007ff9c4700000 - 0x00007ff9c4aa3000 	C:\Windows\System32\KERNELBASE.dll
0x00007ff9c4ab0000 - 0x00007ff9c4bc1000 	C:\Windows\System32\ucrtbase.dll
0x00007ff98f540000 - 0x00007ff98f557000 	C:\Users\ERNEST EMMANUEL\.jdks\openjdk-19.0.2\bin\jli.dll
0x00007ff98f520000 - 0x00007ff98f53b000 	C:\Users\ERNEST EMMANUEL\.jdks\openjdk-19.0.2\bin\VCRUNTIME140.dll
0x00007ff9c6390000 - 0x00007ff9c653b000 	C:\Windows\System32\USER32.dll
0x00007ff9c4510000 - 0x00007ff9c4536000 	C:\Windows\System32\win32u.dll
0x00007ff9c5570000 - 0x00007ff9c5599000 	C:\Windows\System32\GDI32.dll
0x00007ff9c45e0000 - 0x00007ff9c46f9000 	C:\Windows\System32\gdi32full.dll
0x00007ff9ac5e0000 - 0x00007ff9ac86e000 	C:\Windows\WinSxS\amd64_microsoft.windows.common-controls_6595b64144ccf1df_6.0.22621.1635_none_270f70857386168e\COMCTL32.dll
0x00007ff9c5070000 - 0x00007ff9c5117000 	C:\Windows\System32\msvcrt.dll
0x00007ff9c4540000 - 0x00007ff9c45da000 	C:\Windows\System32\msvcp_win.dll
0x00007ff9c51d0000 - 0x00007ff9c5201000 	C:\Windows\System32\IMM32.DLL
0x00007ff9bbc70000 - 0x00007ff9bbc7c000 	C:\Users\ERNEST EMMANUEL\.jdks\openjdk-19.0.2\bin\vcruntime140_1.dll
0x00007ff987330000 - 0x00007ff9873be000 	C:\Users\ERNEST EMMANUEL\.jdks\openjdk-19.0.2\bin\msvcp140.dll
0x00007ff95c7c0000 - 0x00007ff95d480000 	C:\Users\ERNEST EMMANUEL\.jdks\openjdk-19.0.2\bin\server\jvm.dll
0x00007ff9c6280000 - 0x00007ff9c632e000 	C:\Windows\System32\ADVAPI32.dll
0x00007ff9c5120000 - 0x00007ff9c51c4000 	C:\Windows\System32\sechost.dll
0x00007ff9c53a0000 - 0x00007ff9c54b7000 	C:\Windows\System32\RPCRT4.dll
0x00007ff9aa1b0000 - 0x00007ff9aa1b9000 	C:\Windows\SYSTEM32\WSOCK32.dll
0x00007ff9c6540000 - 0x00007ff9c65b1000 	C:\Windows\System32\WS2_32.dll
0x00007ff9baec0000 - 0x00007ff9baef4000 	C:\Windows\SYSTEM32\WINMM.dll
0x00007ff9b2f20000 - 0x00007ff9b2f2a000 	C:\Windows\SYSTEM32\VERSION.dll
0x00007ff9c34e0000 - 0x00007ff9c34f8000 	C:\Windows\SYSTEM32\kernel.appcore.dll
0x00007ff9b4e50000 - 0x00007ff9b4e5a000 	C:\Users\ERNEST EMMANUEL\.jdks\openjdk-19.0.2\bin\jimage.dll
0x00007ff9c1cf0000 - 0x00007ff9c1f1e000 	C:\Windows\SYSTEM32\DBGHELP.DLL
0x00007ff9c6c50000 - 0x00007ff9c6fd9000 	C:\Windows\System32\combase.dll
0x00007ff9c66f0000 - 0x00007ff9c67c7000 	C:\Windows\System32\OLEAUT32.dll
0x00007ff9af260000 - 0x00007ff9af292000 	C:\Windows\SYSTEM32\dbgcore.DLL
0x00007ff9c4490000 - 0x00007ff9c450b000 	C:\Windows\System32\bcryptPrimitives.dll
0x00007ff9ab650000 - 0x00007ff9ab65e000 	C:\Users\ERNEST EMMANUEL\.jdks\openjdk-19.0.2\bin\instrument.dll
0x00007ff987300000 - 0x00007ff987326000 	C:\Users\ERNEST EMMANUEL\.jdks\openjdk-19.0.2\bin\java.dll

dbghelp: loaded successfully - version: 4.0.5 - missing functions: none
symbol engine: initialized successfully - sym options: 0x614 - pdb path: .;C:\Users\ERNEST EMMANUEL\.jdks\openjdk-19.0.2\bin;C:\Windows\SYSTEM32;C:\Windows\WinSxS\amd64_microsoft.windows.common-controls_6595b64144ccf1df_6.0.22621.1635_none_270f70857386168e;C:\Users\ERNEST EMMANUEL\.jdks\openjdk-19.0.2\bin\server

VM Arguments:
jvm_args: -XX:TieredStopAtLevel=1 -Dspring.output.ansi.enabled=always -Dcom.sun.management.jmxremote -Dspring.jmx.enabled=true -Dspring.liveBeansView.mbeanDomain -Dspring.application.admin.enabled=true -Dmanagement.endpoints.jmx.exposure.include=* -javaagent:C:\Program Files\JetBrains\IntelliJ IDEA 2023.1.1\lib\idea_rt.jar=62533:C:\Program Files\JetBrains\IntelliJ IDEA 2023.1.1\bin -Dfile.encoding=UTF-8 -Dsun.stdout.encoding=UTF-8 -Dsun.stderr.encoding=UTF-8 
java_command: com.secure.userRegAndAuthSys.UserRegistrationAndAuthenticationSystemApplication
java_class_path (initial): C:\Users\ERNEST EMMANUEL\Documents\Projects Folder\userRegistrationAndAuthenticationSystem\userRegistrationAndAuthenticationSystem\target\classes;C:\Users\ERNEST EMMANUEL\.m2\repository\org\springframework\boot\spring-boot-starter-data-jpa\3.1.1\spring-boot-starter-data-jpa-3.1.1.jar;C:\Users\ERNEST EMMANUEL\.m2\repository\org\springframework\boot\spring-boot-starter-aop\3.1.1\spring-boot-starter-aop-3.1.1.jar;C:\Users\ERNEST EMMANUEL\.m2\repository\org\aspectj\aspectjweaver\1.9.19\aspectjweaver-1.9.19.jar;C:\Users\ERNEST EMMANUEL\.m2\repository\org\springframework\boot\spring-boot-starter-jdbc\3.1.1\spring-boot-starter-jdbc-3.1.1.jar;C:\Users\ERNEST EMMANUEL\.m2\repository\com\zaxxer\HikariCP\5.0.1\HikariCP-5.0.1.jar;C:\Users\ERNEST EMMANUEL\.m2\repository\org\springframework\spring-jdbc\6.0.10\spring-jdbc-6.0.10.jar;C:\Users\ERNEST EMMANUEL\.m2\repository\org\hibernate\orm\hibernate-core\6.2.5.Final\hibernate-core-6.2.5.Final.jar;C:\Users\ERNEST EMMANUEL\.m2\repository\jakarta\persistence\jakarta.persistence-api\3.1.0\jakarta.persistence-api-3.1.0.jar;C:\Users\ERNEST EMMANUEL\.m2\repository\jakarta\transaction\jakarta.transaction-api\2.0.1\jakarta.transaction-api-2.0.1.jar;C:\Users\ERNEST EMMANUEL\.m2\repository\org\jboss\logging\jboss-logging\3.5.1.Final\jboss-logging-3.5.1.Final.jar;C:\Users\ERNEST EMMANUEL\.m2\repository\org\hibernate\common\hibernate-commons-annotations\6.0.6.Final\hibernate-commons-annotations-6.0.6.Final.jar;C:\Users\ERNEST EMMANUEL\.m2\repository\io\smallrye\jandex\3.0.5\jandex-3.0.5.jar;C:\Users\ERNEST EMMANUEL\.m2\repository\com\fasterxml\classmate\1.5.1\classmate-1.5.1.jar;C:\Users\ERNEST EMMANUEL\.m2\repository\net\bytebuddy\byte-buddy\1.14.5\byte-buddy-1.14.5.jar;C:\Users\ERNEST EMMANUEL\.m2\repository\org\glassfish\jaxb\jaxb-runtime\4.0.3\jaxb-runtime-4.0.3.jar;C:\Users\ERNEST EMMANUEL\.m2\repository\org\glassfish\jaxb\jaxb-core\4.0.3\jaxb-core-4.0.3.jar;C:\Users\ERNEST EMMANUEL\.m2\repository\org\eclipse\angus\angus-activation\2.0.1\angus-activation-2.0.1.jar;C:\Users\ERNEST EMMANUEL\.m2\repository\org\glassfish\jaxb\txw2\4.0.3\txw2-4.0.3.jar;C:\Users\ERNEST EMMANUEL\.m2\repository\com\sun\istack\istack-commons-runtime\4.1.2\istack-commons-runtime-4.1.2.jar;C:\Users\ERNEST EMMANUEL\.m2\repository\jakarta\inject\jakarta.inject-api\2.0.1\jakarta.inject-api-2.0.1.jar;C:\Users\ERNEST EMMANUEL\.m2\repository\org\antlr\antlr4-runtime\4.10.1\antlr4-runtime-4.10.1.jar;C:\Users\ERNEST EMMANUEL\.m2\repository\org\springframework\data\spring-data-jpa\3.1.1\spring-data-jpa-3.1.1.jar;C:\Users\ERNEST EMMANUEL\.m2\repository\org\springframework\data\spring-data-commons\3.1.1\spring-data-commons-3.1.1.jar;C:\Users\ERNEST EMMANUEL\.m2\repository\org\springframework\spring-orm\6.0.10\spring-orm-6.0.10.jar;C:\Users\ERNEST EMMANUEL\.m2\repository\org\springframework\spring-context\6.0.10\spring-context-6.0.10.jar;C:\Users\ERNEST EMMANUEL\.m2\repository\org\springframework\spring-tx\6.0.10\spring-tx-6.0.10.jar;C:\Users\ERNEST EMMANUEL\.m2\repository\org\springframework\spring-beans\6.0.10\spring-beans-6.0.10.jar;C:\Users\ERNEST EMMANUEL\.m2\repository\jakarta\annotation\jakarta.annotation-api\2.1.1\jakarta.annotation-api-2.1.1.jar;C:\Users\ERNEST EMMANUEL\.m2\repository\org\slf4j\slf4j-api\2.0.7\slf4j-api-2.0.7.jar;C:\Users\ERNEST EMMANUEL\.m2\repository\org\springframework\spring-aspects\6.0.10\spring-aspects-6.0.10.jar;C:\Users\ERNEST EMMANUEL\.m2\repository\com\mysql\mysql-connector-j\8.0.33\mysql-connector-j-8.0.33.jar;C:\Users\ERNEST EMMANUEL\.m2\repository\org\springframework\boot\spring-boot-starter-web\3.1.1\spring-boot-starter-web-3.1.1.jar;C:\Users\ERNEST EMMANUEL\.m2\repository\org\springframework\boot\spring-boot-starter\3.1.1\spring-boot-starter-3.1.1.jar;C:\Users\ERNEST EMMANUEL\.m2\repository\org\springframework\boot\spring-boot\3.1.1\spring-boot-3.1.1.jar;C:\Users\ERNEST EMMANUEL\.m2\repository\org\springframework\boot\spring-boot-autoconfigure\3.1.1\spring-boot-autoconfigure-3.1.1.jar;C:\Users\ERNEST EMMANUEL\.m2\repository\org\springframework\boot\spring-boot-starter-logging\3.1.1\spring-boot-starter-logging-3.1.1.jar;C:\Users\ERNEST EMMANUEL\.m2\repository\ch\qos\logback\logback-classic\1.4.8\logback-classic-1.4.8.jar;C:\Users\ERNEST EMMANUEL\.m2\repository\ch\qos\logback\logback-core\1.4.8\logback-core-1.4.8.jar;C:\Users\ERNEST EMMANUEL\.m2\repository\org\apache\logging\log4j\log4j-to-slf4j\2.20.0\log4j-to-slf4j-2.20.0.jar;C:\Users\ERNEST EMMANUEL\.m2\repository\org\apache\logging\log4j\log4j-api\2.20.0\log4j-api-2.20.0.jar;C:\Users\ERNEST EMMANUEL\.m2\repository\org\slf4j\jul-to-slf4j\2.0.7\jul-to-slf4j-2.0.7.jar;C:\Users\ERNEST EMMANUEL\.m2\repository\org\yaml\snakeyaml\1.33\snakeyaml-1.33.jar;C:\Users\ERNEST EMMANUEL\.m2\repository\org\springframework\boot\spring-boot-starter-json\3.1.1\spring-boot-starter-json-3.1.1.jar;C:\Users\ERNEST EMMANUEL\.m2\repository\com\fasterxml\jackson\datatype\jackson-datatype-jdk8\2.15.2\jackson-datatype-jdk8-2.15.2.jar;C:\Users\ERNEST EMMANUEL\.m2\repository\com\fasterxml\jackson\datatype\jackson-datatype-jsr310\2.15.2\jackson-datatype-jsr310-2.15.2.jar;C:\Users\ERNEST EMMANUEL\.m2\repository\com\fasterxml\jackson\module\jackson-module-parameter-names\2.15.2\jackson-module-parameter-names-2.15.2.jar;C:\Users\ERNEST EMMANUEL\.m2\repository\org\springframework\boot\spring-boot-starter-tomcat\3.1.1\spring-boot-starter-tomcat-3.1.1.jar;C:\Users\ERNEST EMMANUEL\.m2\repository\org\apache\tomcat\embed\tomcat-embed-core\10.1.10\tomcat-embed-core-10.1.10.jar;C:\Users\ERNEST EMMANUEL\.m2\repository\org\apache\tomcat\embed\tomcat-embed-el\10.1.10\tomcat-embed-el-10.1.10.jar;C:\Users\ERNEST EMMANUEL\.m2\repository\org\apache\tomcat\embed\tomcat-embed-websocket\10.1.10\tomcat-embed-websocket-10.1.10.jar;C:\Users\ERNEST EMMANUEL\.m2\repository\org\springframework\spring-web\6.0.10\spring-web-6.0.10.jar;C:\Users\ERNEST EMMANUEL\.m2\repository\io\micrometer\micrometer-observation\1.11.1\micrometer-observation-1.11.1.jar;C:\Users\ERNEST EMMANUEL\.m2\repository\io\micrometer\micrometer-commons\1.11.1\micrometer-commons-1.11.1.jar;C:\Users\ERNEST EMMANUEL\.m2\repository\org\springframework\spring-webmvc\6.0.10\spring-webmvc-6.0.10.jar;C:\Users\ERNEST EMMANUEL\.m2\repository\org\springframework\spring-expression\6.0.10\spring-expression-6.0.10.jar;C:\Users\ERNEST EMMANUEL\.m2\repository\org\projectlombok\lombok\1.18.28\lombok-1.18.28.jar;C:\Users\ERNEST EMMANUEL\.m2\repository\jakarta\xml\bind\jakarta.xml.bind-api\4.0.0\jakarta.xml.bind-api-4.0.0.jar;C:\Users\ERNEST EMMANUEL\.m2\repository\jakarta\activation\jakarta.activation-api\2.1.2\jakarta.activation-api-2.1.2.jar;C:\Users\ERNEST EMMANUEL\.m2\repository\org\springframework\spring-core\6.0.10\spring-core-6.0.10.jar;C:\Users\ERNEST EMMANUEL\.m2\repository\org\springframework\spring-jcl\6.0.10\spring-jcl-6.0.10.jar;C:\Users\ERNEST EMMANUEL\.m2\repository\io\jsonwebtoken\jjwt-api\0.11.5\jjwt-api-0.11.5.jar;C:\Users\ERNEST EMMANUEL\.m2\repository\io\jsonwebtoken\jjwt-impl\0.11.5\jjwt-impl-0.11.5.jar;C:\Users\ERNEST EMMANUEL\.m2\repository\io\jsonwebtoken\jjwt-jackson\0.11.5\jjwt-jackson-0.11.5.jar;C:\Users\ERNEST EMMANUEL\.m2\repository\com\fasterxml\jackson\core\jackson-databind\2.15.2\jackson-databind-2.15.2.jar;C:\Users\ERNEST EMMANUEL\.m2\repository\com\fasterxml\jackson\core\jackson-annotations\2.15.2\jackson-annotations-2.15.2.jar;C:\Users\ERNEST EMMANUEL\.m2\repository\com\fasterxml\jackson\core\jackson-core\2.15.2\jackson-core-2.15.2.jar;C:\Users\ERNEST EMMANUEL\.m2\repository\org\springframework\boot\spring-boot-starter-security\3.1.1\spring-boot-starter-security-3.1.1.jar;C:\Users\ERNEST EMMANUEL\.m2\repository\org\springframework\spring-aop\6.0.10\spring-aop-6.0.10.jar;C:\Users\ERNEST EMMANUEL\.m2\repository\org\springframework\security\spring-security-config\6.1.1\spring-security-config-6.1.1.jar;C:\Users\ERNEST EMMANUEL\.m2\repository\org\springframework\security\spring-security-web\6.1.1\spring-security-web-6.1.1.jar;C:\Users\ERNEST EMMANUEL\.m2\repository\org\springframework\security\spring-security-core\6.1.1\spring-security-core-6.1.1.jar;C:\Users\ERNEST EMMANUEL\.m2\repository\org\springframework\security\spring-security-crypto\6.1.1\spring-security-crypto-6.1.1.jar
Launcher Type: SUN_STANDARD

[Global flags]
     intx CICompilerCount                          = 3                                         {product} {ergonomic}
     uint ConcGCThreads                            = 1                                         {product} {ergonomic}
     uint G1ConcRefinementThreads                  = 4                                         {product} {ergonomic}
   size_t G1HeapRegionSize                         = 1048576                                   {product} {ergonomic}
    uintx GCDrainStackTargetSize                   = 64                                        {product} {ergonomic}
   size_t InitialHeapSize                          = 65011712                                  {product} {ergonomic}
     bool ManagementServer                         = true                                      {product} {command line}
   size_t MarkStackSize                            = 4194304                                   {product} {ergonomic}
   size_t MaxHeapSize                              = 1025507328                                {product} {ergonomic}
   size_t MinHeapDeltaBytes                        = 1048576                                   {product} {ergonomic}
   size_t MinHeapSize                              = 8388608                                   {product} {ergonomic}
    uintx NonProfiledCodeHeapSize                  = 0                                      {pd product} {ergonomic}
     bool ProfileInterpreter                       = false                                  {pd product} {command line}
    uintx ProfiledCodeHeapSize                     = 0                                      {pd product} {ergonomic}
   size_t SoftMaxHeapSize                          = 1025507328                             {manageable} {ergonomic}
     intx TieredStopAtLevel                        = 1                                         {product} {command line}
     bool UseCompressedClassPointers               = true                           {product lp64_product} {ergonomic}
     bool UseCompressedOops                        = true                           {product lp64_product} {ergonomic}
     bool UseG1GC                                  = true                                      {product} {ergonomic}
     bool UseLargePagesIndividualAllocation        = false                                  {pd product} {ergonomic}

Logging:
Log output configuration:
 #0: stdout all=warning uptime,level,tags foldmultilines=false
 #1: stderr all=off uptime,level,tags foldmultilines=false

Environment Variables:
JAVA_HOME=C:\Program Files\Java\jdk-19
PATH=C:\Program Files\Common Files\Oracle\Java\javapath;C:\Windows\system32;C:\Windows;C:\Windows\System32\Wbem;C:\Windows\System32\WindowsPowerShell\v1.0\;C:\Windows\System32\OpenSSH\;C:\Program Files\nodejs\C:\Program Files\Java\jdk-19\bin;C:\Program Files\nodejs\;C:\Users\ERNEST EMMANUEL\AppData\Local\Programs\Python\Python310;C:\Program Files\Amazon\AWSCLIV2\;C:\Program Files\Git\cmd;C:\Users\ERNEST EMMANUEL\AppData\Local\Programs\Python\Launcher\;C:\Users\ERNEST EMMANUEL\AppData\Local\Programs\Python\Python310\Scripts\;C:\Users\ERNEST EMMANUEL\AppData\Local\Programs\Python\Python310\;C:\Program Files\MySQL\MySQL Shell 8.0\bin\;C:\Users\ERNEST EMMANUEL\AppData\Local\Microsoft\WindowsApps;;C:\Users\ERNEST EMMANUEL\AppData\Local\Programs\Microsoft VS Code Insiders\bin;C:\Program Files\JetBrains\PyCharm 2022.2.2\bin;;C:\Users\ERNEST EMMANUEL\AppData\Roaming\npm;C:\Program Files\JetBrains\IntelliJ IDEA 2023.1.1\bin;
USERNAME=ERNEST EMMANUEL
OS=Windows_NT
PROCESSOR_IDENTIFIER=Intel64 Family 6 Model 78 Stepping 3, GenuineIntel
TMP=C:\Users\ERNEST~1\AppData\Local\Temp
TEMP=C:\Users\ERNEST~1\AppData\Local\Temp



---------------  S Y S T E M  ---------------

OS:
 Windows 11 , 64 bit Build 22621 (10.0.22621.1778)
OS uptime: 7 days 3:49 hours
Hyper-V role detected

CPU: total 4 (initial active 4) (2 cores per cpu, 2 threads per core) family 6 model 78 stepping 3 microcode 0xd6, cx8, cmov, fxsr, ht, mmx, 3dnowpref, sse, sse2, sse3, ssse3, sse4.1, sse4.2, popcnt, lzcnt, tsc, tscinvbit, avx, avx2, aes, erms, clmul, bmi1, bmi2, rtm, adx, fma, vzeroupper, clflush, clflushopt, hv, rdtscp

Memory: 4k page, system-wide physical 3908M (226M free)
TotalPageFile size 15684M (AvailPageFile size 15M)
current process WorkingSet (physical memory assigned to process): 11M, peak: 11M
current process commit charge ("private bytes"): 47M, peak: 108M

vm_info: OpenJDK 64-Bit Server VM (19.0.2+7-44) for windows-amd64 JRE (19.0.2+7-44), built on 2022-11-30T18:02:09Z by "mach5one" with MS VC++ 17.1 (VS2022)

END.
